0 info it worked if it ends with ok
1 verbose cli [ 'node',
1 verbose cli   '/home/linux/.nvm/versions/node/v0.12.7/bin/npm',
1 verbose cli   'start' ]
2 info using npm@3.9.5
3 info using node@v0.12.7
4 verbose run-script [ 'prestart', 'start', 'poststart' ]
5 info lifecycle todo@0.0.0~prestart: todo@0.0.0
6 silly lifecycle todo@0.0.0~prestart: no script for prestart, continuing
7 info lifecycle todo@0.0.0~start: todo@0.0.0
8 verbose lifecycle todo@0.0.0~start: unsafe-perm in lifecycle true
9 verbose lifecycle todo@0.0.0~start: PATH: /home/linux/.nvm/versions/node/v0.12.7/lib/node_modules/npm/bin/node-gyp-bin:/home/linux/public_html/node/todo/node_modules/.bin:/home/linux/.nvm/versions/node/v0.12.7/bin:/usr/local/heroku/bin:/home/linux/.nvm/versions/node/v0.12.7/bin:/home/linux/.node/bin:/usr/local/heroku/bin:/usr/local/sbin:/usr/local/bin:/usr/sbin:/usr/bin:/sbin:/bin:/usr/games:/usr/local/games:/home/linux/.rvm/bin:/home/linux/.rvm/bin
10 verbose lifecycle todo@0.0.0~start: CWD: /home/linux/public_html/node/todo
11 silly lifecycle todo@0.0.0~start: Args: [ '-c', 'node ./bin/www' ]
12 silly lifecycle todo@0.0.0~start: Returned: code: 1  signal: null
13 info lifecycle todo@0.0.0~start: Failed to exec start script
14 verbose stack Error: todo@0.0.0 start: `node ./bin/www`
14 verbose stack Exit status 1
14 verbose stack     at EventEmitter.<anonymous> (/home/linux/.nvm/versions/node/v0.12.7/lib/node_modules/npm/lib/utils/lifecycle.js:245:16)
14 verbose stack     at EventEmitter.emit (events.js:110:17)
14 verbose stack     at ChildProcess.<anonymous> (/home/linux/.nvm/versions/node/v0.12.7/lib/node_modules/npm/lib/utils/spawn.js:24:14)
14 verbose stack     at ChildProcess.emit (events.js:110:17)
14 verbose stack     at maybeClose (child_process.js:1015:16)
14 verbose stack     at Process.ChildProcess._handle.onexit (child_process.js:1087:5)
15 verbose pkgid todo@0.0.0
16 verbose cwd /home/linux/public_html/node/todo
17 error Linux 3.13.0-91-generic
18 error argv "node" "/home/linux/.nvm/versions/node/v0.12.7/bin/npm" "start"
19 error node v0.12.7
20 error npm  v3.9.5
21 error code ELIFECYCLE
22 error todo@0.0.0 start: `node ./bin/www`
22 error Exit status 1
23 error Failed at the todo@0.0.0 start script 'node ./bin/www'.
23 error Make sure you have the latest version of node.js and npm installed.
23 error If you do, this is most likely a problem with the todo package,
23 error not with npm itself.
23 error Tell the author that this fails on your system:
23 error     node ./bin/www
23 error You can get information on how to open an issue for this project with:
23 error     npm bugs todo
23 error Or if that isn't available, you can get their info via:
23 error     npm owner ls todo
23 error There is likely additional logging output above.
24 verbose exit [ 1, true ]
